<?xml version="1.0" encoding="UTF-8"?>
<!-- Generated by org.testng.reporters.JUnitReportReporter -->
<testsuite hostname="JSS-Android-01" failures="0" tests="3" name="TestNG.HomePage" time="19.254" errors="0" timestamp="2025-02-17T11:13:00 IST" skipped="0">
  <testcase classname="TestNG.HomePage" name="open" time="19.235"/>
  <system-out/>
  <testcase classname="TestNG.HomePage" name="login" time="0.012"/>
  <system-out/>
  <testcase classname="TestNG.HomePage" name="logOut" time="0.007"/>
  <system-out/>
</testsuite> <!-- TestNG.HomePage -->
