<?xml version="1.0" encoding="UTF-8"?>
<!-- Generated by org.testng.reporters.JUnitReportReporter -->
<testsuite hostname="JSS-Android-01" failures="0" tests="2" name="TestNG.Seller" time="11.990" errors="0" timestamp="2025-02-17T11:13:00 IST" skipped="0">
  <testcase classname="TestNG.Seller" name="open" time="8.491"/>
  <system-out/>
  <testcase classname="TestNG.Seller" name="login" time="3.499"/>
  <system-out/>
</testsuite> <!-- TestNG.Seller -->
