<?xml version="1.0" encoding="UTF-8"?>
<!-- Generated by org.testng.reporters.JUnitReportReporter -->
<testsuite hostname="JSS-Android-01" failures="0" tests="1" name="TestNG.Admin" time="0.003" errors="0" timestamp="2025-02-17T11:13:00 IST" skipped="0">
  <testcase classname="TestNG.Admin" name="f" time="0.003"/>
  <system-out/>
</testsuite> <!-- TestNG.Admin -->
